<?xml version="1.0" encoding="UTF-8"?>
<!-- Generated by org.testng.reporters.JUnitReportReporter -->
<testsuite hostname="DESKTOP-RJTB1K6" failures="0" tests="1" name="RandD.Tabletryall" time="3.865" errors="0" timestamp="2025-05-14T20:57:30 GMT-05:00" skipped="0">
  <testcase classname="RandD.Tabletryall" name="firsttable" time="3.865"/>
</testsuite> <!-- RandD.Tabletryall -->
