<?xml version="1.0" encoding="UTF-8"?>
<!-- Generated by org.testng.reporters.JUnitReportReporter -->
<testsuite hostname="DESKTOP-RJTB1K6" failures="0" tests="1" name="MohitG.TestNGMavenProject.Sample2" time="5.979" errors="0" timestamp="2025-02-06T11:31:42 GMT-06:00" skipped="0">
  <testcase classname="MohitG.TestNGMavenProject.Sample2" name="googlesearch" time="5.979"/>
</testsuite> <!-- MohitG.TestNGMavenProject.Sample2 -->
