<?xml version="1.0" encoding="UTF-8"?>
<!-- Generated by org.testng.reporters.JUnitReportReporter -->
<testsuite hostname="DESKTOP-RJTB1K6" failures="0" tests="1" name="RandD.fetchdatafromonetableinexcelformated" time="4.071" errors="0" timestamp="2025-04-11T15:08:03 GMT-05:00" skipped="0">
  <testcase classname="RandD.fetchdatafromonetableinexcelformated" name="onetable" time="4.071"/>
</testsuite> <!-- RandD.fetchdatafromonetableinexcelformated -->
