<?xml version="1.0" encoding="UTF-8"?>
<!-- Generated by org.testng.reporters.JUnitReportReporter -->
<testsuite hostname="DESKTOP-RJTB1K6" failures="0" tests="1" name="Test.Tables" time="3.987" errors="0" timestamp="2025-04-10T18:25:05 GMT-05:00" skipped="0">
  <testcase classname="Test.Tables" name="firsttable" time="3.987"/>
</testsuite> <!-- Test.Tables -->
