<?xml version="1.0" encoding="UTF-8"?>
<!-- Generated by org.testng.reporters.JUnitReportReporter -->
<testsuite hostname="DESKTOP-RJTB1K6" failures="0" tests="1" name="RandD.verifyidwithname" time="3.515" errors="0" timestamp="2025-04-12T15:50:53 GMT-05:00" skipped="0">
  <testcase classname="RandD.verifyidwithname" name="onetable" time="3.515"/>
</testsuite> <!-- RandD.verifyidwithname -->
