<?xml version="1.0" encoding="UTF-8"?>
<!-- Generated by org.testng.reporters.JUnitReportReporter -->
<testsuite hostname="DESKTOP-RJTB1K6" failures="0" tests="1" name="RandD.clickonradiobuttonandbuttonperemail" time="2.197" errors="0" timestamp="2025-04-12T17:56:51 GMT-05:00" skipped="0">
  <testcase classname="RandD.clickonradiobuttonandbuttonperemail" name="onetable" time="2.197"/>
</testsuite> <!-- RandD.clickonradiobuttonandbuttonperemail -->
