<?xml version="1.0" encoding="UTF-8"?>
<!-- Generated by org.testng.reporters.JUnitReportReporter -->
<testsuite hostname="DESKTOP-RJTB1K6" failures="0" tests="25" name="Test.MGLoginmain" time="82.962" errors="0" timestamp="2025-05-18T19:59:47 GMT-05:00" skipped="0">
  <testcase classname="Test.MGLoginmain" name="mainLoginPage" time="3.152"/>
  <testcase classname="Test.MGLoginmain" name="mainLoginPage" time="3.247"/>
  <testcase classname="Test.MGLoginmain" name="mainLoginPage" time="4.259"/>
  <testcase classname="Test.MGLoginmain" name="mainLoginPage" time="3.079"/>
  <testcase classname="Test.MGLoginmain" name="mainLoginPage" time="3.150"/>
  <testcase classname="Test.MGLoginmain" name="mainLoginPage" time="3.217"/>
  <testcase classname="Test.MGLoginmain" name="mainLoginPage" time="3.241"/>
  <testcase classname="Test.MGLoginmain" name="mainLoginPage" time="3.313"/>
  <testcase classname="Test.MGLoginmain" name="mainLoginPage" time="3.241"/>
  <testcase classname="Test.MGLoginmain" name="mainLoginPage" time="3.270"/>
  <testcase classname="Test.MGLoginmain" name="mainLoginPage" time="3.209"/>
  <testcase classname="Test.MGLoginmain" name="mainLoginPage" time="3.176"/>
  <testcase classname="Test.MGLoginmain" name="mainLoginPage" time="3.228"/>
  <testcase classname="Test.MGLoginmain" name="mainLoginPage" time="3.373"/>
  <testcase classname="Test.MGLoginmain" name="mainLoginPage" time="3.398"/>
  <testcase classname="Test.MGLoginmain" name="mainLoginPage" time="3.128"/>
  <testcase classname="Test.MGLoginmain" name="mainLoginPage" time="3.334"/>
  <testcase classname="Test.MGLoginmain" name="mainLoginPage" time="3.205"/>
  <testcase classname="Test.MGLoginmain" name="mainLoginPage" time="3.809"/>
  <testcase classname="Test.MGLoginmain" name="mainLoginPage" time="3.217"/>
  <testcase classname="Test.MGLoginmain" name="mainLoginPage" time="3.382"/>
  <testcase classname="Test.MGLoginmain" name="mainLoginPage" time="3.232"/>
  <testcase classname="Test.MGLoginmain" name="mainLoginPage" time="3.536"/>
  <testcase classname="Test.MGLoginmain" name="mainLoginPage" time="3.282"/>
  <testcase classname="Test.MGLoginmain" name="mainLoginPage" time="3.284"/>
</testsuite> <!-- Test.MGLoginmain -->
