<?xml version="1.0" encoding="UTF-8"?>
<!-- Generated by org.testng.reporters.JUnitReportReporter -->
<testsuite hostname="DESKTOP-RJTB1K6" failures="0" tests="1" name="RandD.fetchdatafrommiddlecolumnofexcel" time="1.978" errors="0" timestamp="2025-04-11T18:23:46 GMT-05:00" skipped="0">
  <testcase classname="RandD.fetchdatafrommiddlecolumnofexcel" name="onetable" time="1.978"/>
</testsuite> <!-- RandD.fetchdatafrommiddlecolumnofexcel -->
