<?xml version="1.0" encoding="UTF-8"?>
<!-- Generated by org.testng.reporters.JUnitReportReporter -->
<testsuite hostname="DESKTOP-RJTB1K6" failures="0" tests="1" name="Utility.WrapperElementActionFile" time="3.016" errors="0" timestamp="2025-02-27T17:08:25 GMT-06:00" skipped="0">
  <testcase classname="Utility.WrapperElementActionFile" name="SetTextValstr" time="3.016"/>
</testsuite> <!-- Utility.WrapperElementActionFile -->
