<?xml version="1.0" encoding="UTF-8"?>
<!-- Generated by org.testng.reporters.JUnitReportReporter -->
<testsuite hostname="DESKTOP-RJTB1K6" failures="0" tests="1" name="RandD.challange5" time="7.307" errors="0" timestamp="2025-04-13T16:26:20 GMT-05:00" skipped="0">
  <testcase classname="RandD.challange5" name="onetable" time="7.307"/>
</testsuite> <!-- RandD.challange5 -->
