<?xml version="1.0" encoding="UTF-8"?>
<!-- Generated by org.testng.reporters.JUnitReportReporter -->
<testsuite hostname="DESKTOP-RJTB1K6" failures="0" tests="1" name="RandD.tryme" time="4.275" errors="0" timestamp="2025-04-11T22:09:51 GMT-05:00" skipped="0">
  <testcase classname="RandD.tryme" name="onetable" time="4.275"/>
</testsuite> <!-- RandD.tryme -->
