<?xml version="1.0" encoding="UTF-8"?>
<!-- Generated by org.testng.reporters.JUnitReportReporter -->
<testsuite hostname="DESKTOP-RJTB1K6" failures="0" tests="1" name="RandD.challange8" time="4.308" errors="0" timestamp="2025-04-14T15:45:38 GMT-05:00" skipped="0">
  <testcase classname="RandD.challange8" name="onetable" time="4.308"/>
</testsuite> <!-- RandD.challange8 -->
