<?xml version="1.0" encoding="UTF-8"?>
<!-- Generated by org.testng.reporters.JUnitReportReporter -->
<testsuite hostname="DESKTOP-RJTB1K6" failures="0" tests="5" name="Test.TestSet03" time="11.598" errors="0" timestamp="2025-04-15T18:19:23 GMT-05:00" skipped="0">
  <testcase classname="Test.TestSet03" name="try1" time="2.714"/>
  <testcase classname="Test.TestSet03" name="try3" time="2.784"/>
  <testcase classname="Test.TestSet03" name="try4" time="2.507"/>
  <testcase classname="Test.TestSet03" name="try5" time="2.269"/>
  <testcase classname="Test.TestSet03" name="try2" time="1.324"/>
</testsuite> <!-- Test.TestSet03 -->
