<?xml version="1.0" encoding="UTF-8"?>
<!-- Generated by org.testng.reporters.JUnitReportReporter -->
<testsuite hostname="DESKTOP-RJTB1K6" failures="0" tests="2" name="MohitG.TestNGMavenProject.Sample1" time="15.319" errors="0" timestamp="2025-02-06T11:32:07 GMT-06:00" skipped="0">
  <testcase classname="MohitG.TestNGMavenProject.Sample1" name="login" time="4.356"/>
  <testcase classname="MohitG.TestNGMavenProject.Sample1" name="messageonly" time="10.963"/>
</testsuite> <!-- MohitG.TestNGMavenProject.Sample1 -->
