<?xml version="1.0" encoding="UTF-8"?>
<!-- Generated by org.testng.reporters.JUnitReportReporter -->
<testsuite hostname="DESKTOP-RJTB1K6" failures="0" tests="1" name="RandD.verifyidwithname" time="1.986" errors="0" timestamp="2025-05-14T21:47:56 GMT-05:00" skipped="0">
  <testcase classname="RandD.verifyidwithname" name="onetable" time="1.986"/>
</testsuite> <!-- RandD.verifyidwithname -->
