<?xml version="1.0" encoding="UTF-8"?>
<!-- Generated by org.testng.reporters.JUnitReportReporter -->
<testsuite hostname="DESKTOP-RJTB1K6" failures="0" tests="1" name="RandD.challange7" time="2.355" errors="0" timestamp="2025-04-13T19:43:18 GMT-05:00" skipped="0">
  <testcase classname="RandD.challange7" name="onetable" time="2.355"/>
</testsuite> <!-- RandD.challange7 -->
