<?xml version="1.0" encoding="UTF-8"?>
<!-- Generated by org.testng.reporters.JUnitReportReporter -->
<testsuite hostname="DESKTOP-RJTB1K6" failures="0" tests="1" name="RandD.fetchdatafromonetableinexcel" time="3.355" errors="0" timestamp="2025-04-10T20:06:17 GMT-05:00" skipped="0">
  <testcase classname="RandD.fetchdatafromonetableinexcel" name="onetable" time="3.355"/>
</testsuite> <!-- RandD.fetchdatafromonetableinexcel -->
