<?xml version="1.0" encoding="UTF-8"?>
<!-- Generated by org.testng.reporters.JUnitReportReporter -->
<testsuite hostname="DESKTOP-RJTB1K6" failures="0" tests="1" name="RandD.Tables" time="3.947" errors="0" timestamp="2025-04-10T18:28:06 GMT-05:00" skipped="0">
  <testcase classname="RandD.Tables" name="firsttable" time="3.947"/>
</testsuite> <!-- RandD.Tables -->
