<?xml version="1.0" encoding="UTF-8"?>
<!-- Generated by org.testng.reporters.JUnitReportReporter -->
<testsuite hostname="DESKTOP-RJTB1K6" failures="0" tests="1" name="RandD.chatagrizethecolumndataandcountit" time="3.501" errors="0" timestamp="2025-04-12T15:51:10 GMT-05:00" skipped="0">
  <testcase classname="RandD.chatagrizethecolumndataandcountit" name="onetable" time="3.501"/>
</testsuite> <!-- RandD.chatagrizethecolumndataandcountit -->
