<?xml version="1.0" encoding="UTF-8"?>
<!-- Generated by org.testng.reporters.JUnitReportReporter -->
<testsuite hostname="DESKTOP-RJTB1K6" failures="0" tests="1" name="RandD.tryall" time="1.992" errors="0" timestamp="2025-04-12T16:48:02 GMT-05:00" skipped="0">
  <testcase classname="RandD.tryall" name="onetable" time="1.992"/>
</testsuite> <!-- RandD.tryall -->
