<?xml version="1.0" encoding="UTF-8"?>
<!-- Generated by org.testng.reporters.JUnitReportReporter -->
<testsuite hostname="DESKTOP-RJTB1K6" failures="0" tests="1" name="RandD.challange3" time="2.149" errors="0" timestamp="2025-04-13T14:36:27 GMT-05:00" skipped="0">
  <testcase classname="RandD.challange3" name="onetable" time="2.149"/>
</testsuite> <!-- RandD.challange3 -->
