<?xml version="1.0" encoding="UTF-8"?>
<!-- Generated by org.testng.reporters.JUnitReportReporter -->
<testsuite hostname="DESKTOP-RJTB1K6" failures="0" tests="5" name="Test.TestSet04" time="26.902" errors="0" timestamp="2025-04-15T18:19:23 GMT-05:00" skipped="0">
  <testcase classname="Test.TestSet04" name="try3" time="4.911"/>
  <testcase classname="Test.TestSet04" name="try1" time="7.547"/>
  <testcase classname="Test.TestSet04" name="try4" time="3.517"/>
  <testcase classname="Test.TestSet04" name="try2" time="6.877"/>
  <testcase classname="Test.TestSet04" name="try5" time="4.050"/>
</testsuite> <!-- Test.TestSet04 -->
