<?xml version="1.0" encoding="UTF-8"?>
<!-- Generated by org.testng.reporters.JUnitReportReporter -->
<testsuite hostname="DESKTOP-RJTB1K6" failures="0" tests="5" name="Test.TestSet05_rerun" time="22.853" errors="0" timestamp="2025-04-15T18:19:23 GMT-05:00" skipped="0">
  <testcase classname="Test.TestSet05_rerun" name="try1" time="4.794"/>
  <testcase classname="Test.TestSet05_rerun" name="try4" time="4.539"/>
  <testcase classname="Test.TestSet05_rerun" name="try5" time="4.278"/>
  <testcase classname="Test.TestSet05_rerun" name="try3" time="4.514"/>
  <testcase classname="Test.TestSet05_rerun" name="try2" time="4.728"/>
</testsuite> <!-- Test.TestSet05_rerun -->
