<?xml version="1.0" encoding="UTF-8"?>
<!-- Generated by org.testng.reporters.JUnitReportReporter -->
<testsuite hostname="DESKTOP-RJTB1K6" failures="0" tests="5" name="Test.TestSet02" time="30.209" errors="0" timestamp="2025-04-15T18:19:23 GMT-05:00" skipped="0">
  <testcase classname="Test.TestSet02" name="try2" time="6.675"/>
  <testcase classname="Test.TestSet02" name="try3" time="4.910"/>
  <testcase classname="Test.TestSet02" name="try5" time="3.974"/>
  <testcase classname="Test.TestSet02" name="try1" time="10.069"/>
  <testcase classname="Test.TestSet02" name="try4" time="4.581"/>
</testsuite> <!-- Test.TestSet02 -->
