<?xml version="1.0" encoding="UTF-8"?>
<!-- Generated by org.testng.reporters.JUnitReportReporter -->
<testsuite hostname="DESKTOP-RJTB1K6" failures="0" tests="1" name="Utility.DataFinderFromExcel" time="1.066" errors="0" timestamp="2025-02-27T09:31:30 GMT-06:00" skipped="0">
  <testcase classname="Utility.DataFinderFromExcel" name="HomeUserLoginExcelData" time="1.066"/>
</testsuite> <!-- Utility.DataFinderFromExcel -->
