<?xml version="1.0" encoding="UTF-8"?>
<!-- Generated by org.testng.reporters.JUnitReportReporter -->
<testsuite hostname="DESKTOP-RJTB1K6" failures="0" tests="1" name="RandD.exportalldatafromtabletoexcel" time="4.036" errors="0" timestamp="2025-05-14T20:17:52 GMT-05:00" skipped="0">
  <testcase classname="RandD.exportalldatafromtabletoexcel" name="firsttable" time="4.036"/>
</testsuite> <!-- RandD.exportalldatafromtabletoexcel -->
