<?xml version="1.0" encoding="UTF-8"?>
<!-- Generated by org.testng.reporters.JUnitReportReporter -->
<testsuite hostname="DESKTOP-RJTB1K6" failures="0" tests="5" name="Test.TestSet04" time="5.078" errors="0" timestamp="2025-04-14T19:24:42 GMT-05:00" skipped="0">
  <testcase classname="Test.TestSet04" name="try2" time="1.056"/>
  <testcase classname="Test.TestSet04" name="try5" time="1.019"/>
  <testcase classname="Test.TestSet04" name="try3" time="0.939"/>
  <testcase classname="Test.TestSet04" name="try4" time="1.027"/>
  <testcase classname="Test.TestSet04" name="try1" time="1.037"/>
</testsuite> <!-- Test.TestSet04 -->
