<?xml version="1.0" encoding="UTF-8"?>
<!-- Generated by org.testng.reporters.JUnitReportReporter -->
<testsuite hostname="DESKTOP-RJTB1K6" failures="0" tests="5" name="Test.TestSet03" time="5.085" errors="0" timestamp="2025-04-14T19:24:42 GMT-05:00" skipped="0">
  <testcase classname="Test.TestSet03" name="try5" time="1.068"/>
  <testcase classname="Test.TestSet03" name="try2" time="1.027"/>
  <testcase classname="Test.TestSet03" name="try4" time="0.973"/>
  <testcase classname="Test.TestSet03" name="try3" time="1.035"/>
  <testcase classname="Test.TestSet03" name="try1" time="0.982"/>
</testsuite> <!-- Test.TestSet03 -->
