<?xml version="1.0" encoding="UTF-8"?>
<!-- Generated by org.testng.reporters.JUnitReportReporter -->
<testsuite hostname="DESKTOP-RJTB1K6" failures="0" tests="5" name="Test.TestSet01" time="5.227" errors="0" timestamp="2025-04-14T19:24:42 GMT-05:00" skipped="0">
  <testcase classname="Test.TestSet01" name="try1" time="1.086"/>
  <testcase classname="Test.TestSet01" name="try2" time="1.049"/>
  <testcase classname="Test.TestSet01" name="try3" time="1.035"/>
  <testcase classname="Test.TestSet01" name="try4" time="1.017"/>
  <testcase classname="Test.TestSet01" name="try5" time="1.040"/>
</testsuite> <!-- Test.TestSet01 -->
