<?xml version="1.0" encoding="UTF-8"?>
<!-- Generated by org.testng.reporters.JUnitReportReporter -->
<testsuite hostname="DESKTOP-RJTB1K6" failures="0" tests="5" name="Test.TestSet05_rerun" time="4.963" errors="0" timestamp="2025-04-14T19:24:42 GMT-05:00" skipped="0">
  <testcase classname="Test.TestSet05_rerun" name="try5" time="0.988"/>
  <testcase classname="Test.TestSet05_rerun" name="try3" time="1.003"/>
  <testcase classname="Test.TestSet05_rerun" name="try2" time="1.005"/>
  <testcase classname="Test.TestSet05_rerun" name="try1" time="1.007"/>
  <testcase classname="Test.TestSet05_rerun" name="try4" time="0.960"/>
</testsuite> <!-- Test.TestSet05_rerun -->
