<?xml version="1.0" encoding="UTF-8"?>
<!-- Generated by org.testng.reporters.JUnitReportReporter -->
<testsuite hostname="DESKTOP-RJTB1K6" failures="0" tests="5" name="Test.TestSet02" time="4.829" errors="0" timestamp="2025-04-14T19:24:42 GMT-05:00" skipped="0">
  <testcase classname="Test.TestSet02" name="try4" time="0.966"/>
  <testcase classname="Test.TestSet02" name="try3" time="1.005"/>
  <testcase classname="Test.TestSet02" name="try2" time="0.932"/>
  <testcase classname="Test.TestSet02" name="try1" time="1.019"/>
  <testcase classname="Test.TestSet02" name="try5" time="0.907"/>
</testsuite> <!-- Test.TestSet02 -->
